==================== INICIO ====================
[31merror[39m [2022-04-19 08:28:56] : Email y/o clave incorrecta
{"name":"BAD REQUEST","statusCode":400,"isOperational":true,"errorStack":false,"logError":true}
==================== FINAL  ====================

==================== INICIO ====================
[31merror[39m [2022-04-19 08:42:47] : Email no existe en los registros.
{"name":"BAD REQUEST","statusCode":400,"isOperational":true,"errorStack":false,"logError":true}
==================== FINAL  ====================

==================== INICIO ====================
[31merror[39m [2022-04-19 10:57:38] : Email y/o clave incorrecta
{"name":"VALIDATION ERROR","statusCode":400,"isOperational":true}
==================== FINAL  ====================

==================== INICIO ====================
[31merror[39m [2022-04-19 10:58:11] : Email y/o clave incorrecta
{"name":"VALIDATION ERROR","statusCode":400,"isOperational":true}
==================== FINAL  ====================

==================== INICIO ====================
[31merror[39m [2022-04-19 10:58:16] : Email y/o clave incorrecta
{"name":"VALIDATION ERROR","statusCode":400,"isOperational":true}
==================== FINAL  ====================

==================== INICIO ====================
[31merror[39m [2022-04-19 10:59:11] : Email y/o clave incorrecta
{"name":"VALIDATION ERROR","statusCode":400,"isOperational":true}
==================== FINAL  ====================

==================== INICIO ====================
[31merror[39m [2022-04-19 11:03:35] : Email y/o clave incorrecta
{"name":"VALIDATION ERROR","statusCode":400,"isOperational":true}
==================== FINAL  ====================

==================== INICIO ====================
[31merror[39m [2022-04-19 11:06:40] : Email y/o clave incorrecta
{"name":"VALIDATION ERROR","statusCode":400,"isOperational":true}
==================== FINAL  ====================

==================== INICIO ====================
[31merror[39m [2022-04-19 11:06:55] : Email y/o clave incorrecta
{"name":"VALIDATION ERROR","statusCode":400,"isOperational":true}
==================== FINAL  ====================

==================== INICIO ====================
[31merror[39m [2022-04-19 11:10:40] : Unexpected token 	 in JSON at position 27
{"expose":true,"statusCode":400,"status":400,"body":"{\n\t\"email\": \"jose@gmail.com\t\",\n\t\"password\": \"123qwe1\"\n}","type":"entity.parse.failed"}
==================== FINAL  ====================

==================== INICIO ====================
[31merror[39m [2022-04-19 11:10:58] : Unexpected token 	 in JSON at position 27
{"expose":true,"statusCode":400,"status":400,"body":"{\n\t\"email\": \"jose@gmail.com\t\",\n\t\"password\": \"123qwe1\"\n}","type":"entity.parse.failed"}
==================== FINAL  ====================

==================== INICIO ====================
[31merror[39m [2022-04-19 11:11:52] : Unexpected token 	 in JSON at position 27
{"expose":true,"statusCode":400,"status":400,"body":"{\n\t\"email\": \"jose@gmail.com\t\",\n\t\"password\": \"123qwe1\"\n}","type":"entity.parse.failed"}
==================== FINAL  ====================

==================== INICIO ====================
[31merror[39m [2022-04-19 11:11:59] : Unexpected token 	 in JSON at position 27
{"expose":true,"statusCode":400,"status":400,"body":"{\n\t\"email\": \"jose@gmail.com\t\",\n\t\"password\": \"123qwe1\"\n}","type":"entity.parse.failed"}
==================== FINAL  ====================

==================== INICIO ====================
[31merror[39m [2022-04-19 11:12:05] : Unexpected token 	 in JSON at position 27
{"expose":true,"statusCode":400,"status":400,"body":"{\n\t\"email\": \"jose@gmail.com\t\",\n\t\"password\": \"123qwe1\"\n}","type":"entity.parse.failed"}
==================== FINAL  ====================

==================== INICIO ====================
[31merror[39m [2022-04-19 11:12:25] : Unexpected token 	 in JSON at position 27
{"expose":true,"statusCode":400,"status":400,"body":"{\n\t\"email\": \"jose@gmail.com\t\",\n\t\"password\": \"123qwe1\"\n}","type":"entity.parse.failed"}
==================== FINAL  ====================

==================== INICIO ====================
[31merror[39m [2022-04-19 11:12:35] : Unexpected token 	 in JSON at position 27
{"expose":true,"statusCode":400,"status":400,"body":"{\n\t\"email\": \"jose@gmail.com\t\",\n\t\"password\": \"123qwe1\"\n}","type":"entity.parse.failed"}
==================== FINAL  ====================

==================== INICIO ====================
[31merror[39m [2022-04-19 11:12:52] : Unexpected token 	 in JSON at position 27
{"expose":true,"statusCode":400,"status":400,"body":"{\n\t\"email\": \"jose@gmail.com\t\",\n\t\"password\": \"123qwe1\"\n}","type":"entity.parse.failed"}
==================== FINAL  ====================

==================== INICIO ====================
[31merror[39m [2022-04-19 11:13:32] : Unexpected token 	 in JSON at position 27
{"expose":true,"statusCode":400,"status":400,"body":"{\n\t\"email\": \"jose@gmail.com\t\",\n\t\"password\": \"123qwe1\"\n}","type":"entity.parse.failed"}
==================== FINAL  ====================

==================== INICIO ====================
[31merror[39m [2022-04-19 11:13:43] : Unexpected token 	 in JSON at position 27
{"expose":true,"statusCode":400,"status":400,"body":"{\n\t\"email\": \"jose@gmail.com\t\",\n\t\"password\": \"123qwe1\"\n}","type":"entity.parse.failed"}
==================== FINAL  ====================

==================== INICIO ====================
[31merror[39m [2022-04-19 11:15:45] : Email y/o clave incorrecta
{"name":"VALIDATION ERROR","statusCode":400,"isOperational":true,"errorStack":{}}
==================== FINAL  ====================

==================== INICIO ====================
[31merror[39m [2022-04-19 11:22:54] : Email y/o clave incorrecta
{"name":"VALIDATION ERROR","statusCode":400,"isOperational":true,"errorStack":{}}
==================== FINAL  ====================

==================== INICIO ====================
[31merror[39m [2022-04-19 11:23:11] : Email y/o clave incorrecta
{"name":"VALIDATION ERROR","statusCode":400,"isOperational":true,"errorStack":{}}
==================== FINAL  ====================

==================== INICIO ====================
[31merror[39m [2022-04-19 11:23:27] : Email y/o clave incorrecta
{"name":"VALIDATION ERROR","statusCode":400,"isOperational":true,"errorStack":{}}
==================== FINAL  ====================

==================== INICIO ====================
[31merror[39m [2022-04-19 11:30:38] : Email y/o clave incorrecta
{"name":"VALIDATION ERROR","statusCode":400,"isOperational":true}
==================== FINAL  ====================

==================== INICIO ====================
[31merror[39m [2022-04-19 11:31:00] : Email y/o clave incorrecta
{"name":"VALIDATION ERROR","statusCode":400,"isOperational":true}
==================== FINAL  ====================

==================== INICIO ====================
[31merror[39m [2022-04-19 11:37:53] : Email y/o clave incorrecta
{"name":"VALIDATION ERROR","statusCode":400,"isOperational":true}
==================== FINAL  ====================

==================== INICIO ====================
[31merror[39m [2022-04-19 14:22:54] : Email y/o clave incorrecta
{"name":"VALIDATION ERROR","statusCode":400,"isOperational":true}
==================== FINAL  ====================

==================== INICIO ====================
[31merror[39m [2022-04-19 15:47:11] : [object Object]
{"name":"VALIDATION ERROR","statusCode":400,"isOperational":true}
==================== FINAL  ====================

==================== INICIO ====================
[31merror[39m [2022-04-19 15:48:26] : [object Object]
{"name":"VALIDATION ERROR","statusCode":400,"isOperational":true}
==================== FINAL  ====================

==================== INICIO ====================
[31merror[39m [2022-04-19 15:48:40] : [object Object]
{"name":"VALIDATION ERROR","statusCode":400,"isOperational":true}
==================== FINAL  ====================

==================== INICIO ====================
[31merror[39m [2022-04-19 15:49:01] : {"errors":{"password":["El campo password debe contener al menos 8 caracteres."]}}
{"name":"VALIDATION ERROR","statusCode":400,"isOperational":true}
==================== FINAL  ====================

==================== INICIO ====================
[31merror[39m [2022-04-19 16:48:10] : {"errors":{"password":["El campo password debe contener al menos 8 caracteres."]}}
{"name":"VALIDATION ERROR","statusCode":400,"isOperational":true}
==================== FINAL  ====================

==================== INICIO ====================
[31merror[39m [2022-04-19 17:14:33] : {"errors":{"password":["El campo password debe contener al menos 8 caracteres."]}}
{"name":"VALIDATION ERROR","statusCode":400,"isOperational":true}
==================== FINAL  ====================

