==================== INICIO ====================
[[31merror[39m 2022-04-22 09:57:04] : {"errors":{"password":["El campo password debe contener al menos 8 caracteres."]}}
{"name":"VALIDATION ERROR","statusCode":400,"isOperational":true}
==================== FINAL  ====================

==================== INICIO ====================
[[31merror[39m 2022-04-22 09:59:04] : {"errors":{"password":["El campo password debe contener al menos 8 caracteres."]}}
{"name":"VALIDATION ERROR","statusCode":400,"isOperational":true}
==================== FINAL  ====================

==================== INICIO ====================
[[31merror[39m 2022-04-22 10:00:14] : {"errors":{"password":["El campo password debe contener al menos 8 caracteres."]}}
{"name":"VALIDATION ERROR","statusCode":400,"isOperational":true}
==================== FINAL  ====================

==================== INICIO ====================
[[31merror[39m 2022-04-22 10:00:43] : {"errors":{"password":["El campo password debe contener al menos 8 caracteres."]}}
{"name":"VALIDATION ERROR","statusCode":400,"isOperational":true}
==================== FINAL  ====================

==================== INICIO ====================
[[31merror[39m 2022-04-22 10:01:11] : {"errors":{"password":["El campo password debe contener al menos 8 caracteres."]}}
{"name":"VALIDATION ERROR","statusCode":400,"isOperational":true}
==================== FINAL  ====================

==================== INICIO ====================
[[31merror[39m 2022-04-22 10:30:46] : {"errors":{"password":["El campo password debe contener al menos 8 caracteres."]}}
{"name":"VALIDATION ERROR","statusCode":400,"isOperational":true}
==================== FINAL  ====================

==================== INICIO ====================
[[31merror[39m 2022-04-22 10:44:24] : {"errors":{"password":["El campo password debe contener al menos 8 caracteres."]}}
{"name":"VALIDATION ERROR","statusCode":400,"isOperational":true}
==================== FINAL  ====================

==================== INICIO ====================
[[31merror[39m 2022-04-22 10:44:30] : {"errors":{"password":["El campo password debe contener al menos 8 caracteres."]}}
{"name":"VALIDATION ERROR","statusCode":400,"isOperational":true}
==================== FINAL  ====================

==================== INICIO ====================
[[31merror[39m 2022-04-22 10:45:11] : {"errors":{"password":["El campo password debe contener al menos 8 caracteres."]}}
{"name":"VALIDATION ERROR","statusCode":400,"isOperational":true}
==================== FINAL  ====================

==================== INICIO ====================
[[31merror[39m 2022-04-22 11:02:16] : {"errors":{"password":["El campo password debe contener al menos 8 caracteres."]}}
{"name":"VALIDATION ERROR","statusCode":400,"isOperational":true}
==================== FINAL  ====================

==================== INICIO ====================
[[31merror[39m 2022-04-22 11:03:12] : {"errors":{"password":["El campo password debe contener al menos 8 caracteres."]}}
{"name":"VALIDATION ERROR","statusCode":400,"isOperational":true}
==================== FINAL  ====================

==================== INICIO ====================
[[31merror[39m 2022-04-22 11:03:25] : {"errors":{"password":["El campo password debe contener al menos 8 caracteres."]}}
{"name":"VALIDATION ERROR","statusCode":400,"isOperational":true}
==================== FINAL  ====================

==================== INICIO ====================
[[31merror[39m 2022-04-22 11:35:03] : {"errors":{"email":["El campo email no es un correo válido."],"password":["El campo password debe contener al menos 8 caracteres."]}}
{"name":"VALIDATION ERROR","statusCode":400,"isOperational":true}
==================== FINAL  ====================

==================== INICIO ====================
[[31merror[39m 2022-04-22 11:35:26] : [object Object]
{"name":"VALIDATION ERROR","statusCode":400,"isOperational":true}
==================== FINAL  ====================

==================== INICIO ====================
[[31merror[39m 2022-04-22 11:40:44] : [object Object]
{"name":"VALIDATION ERROR","statusCode":400,"isOperational":true}
==================== FINAL  ====================

==================== INICIO ====================
[[31merror[39m 2022-04-22 11:41:09] : [object Object]
{"name":"VALIDATION ERROR","statusCode":400,"isOperational":true}
==================== FINAL  ====================

==================== INICIO ====================
[[31merror[39m 2022-04-22 11:41:17] : [object Object]
{"name":"VALIDATION ERROR","statusCode":400,"isOperational":true}
==================== FINAL  ====================

==================== INICIO ====================
[[31merror[39m 2022-04-22 11:41:43] : [object Object]
{"name":"VALIDATION ERROR","statusCode":400,"isOperational":true}
==================== FINAL  ====================

==================== INICIO ====================
[[31merror[39m 2022-04-22 11:42:44] : [object Object]
{"name":"VALIDATION ERROR","statusCode":400,"isOperational":true}
==================== FINAL  ====================

==================== INICIO ====================
[[31merror[39m 2022-04-22 11:43:24] : [object Object]
{"name":"VALIDATION ERROR","statusCode":400,"isOperational":true}
==================== FINAL  ====================

==================== INICIO ====================
[[31merror[39m 2022-04-22 11:43:42] : [object Object]
{"name":"VALIDATION ERROR","statusCode":400,"isOperational":true}
==================== FINAL  ====================

==================== INICIO ====================
[[31merror[39m 2022-04-22 11:44:21] : {"errors":{"email":["El campo email no es un correo válido."],"password":["El campo password debe contener al menos 8 caracteres."]}}
{"name":"VALIDATION ERROR","statusCode":400,"isOperational":true}
==================== FINAL  ====================

==================== INICIO ====================
[[31merror[39m 2022-04-22 11:44:52] : {"errors":{"email":["El campo email no es un correo válido."],"password":["El campo password debe contener al menos 8 caracteres."]}}
{"name":"VALIDATION ERROR","statusCode":400,"isOperational":true}
==================== FINAL  ====================

==================== INICIO ====================
[[31merror[39m 2022-04-22 11:44:52] : {"errors":{"email":["El campo email no es un correo válido."],"password":["El campo password debe contener al menos 8 caracteres."]}}
{"name":"VALIDATION ERROR","statusCode":400,"isOperational":true}
==================== FINAL  ====================

==================== INICIO ====================
[[31merror[39m 2022-04-22 11:45:08] : [object Object]
{"name":"VALIDATION ERROR","statusCode":400,"isOperational":true}
==================== FINAL  ====================

==================== INICIO ====================
[[31merror[39m 2022-04-22 11:45:13] : [object Object]
{"name":"VALIDATION ERROR","statusCode":400,"isOperational":true}
==================== FINAL  ====================

==================== INICIO ====================
[[31merror[39m 2022-04-22 11:45:13] : [object Object]
{"name":"VALIDATION ERROR","statusCode":400,"isOperational":true}
==================== FINAL  ====================

==================== INICIO ====================
[[31merror[39m 2022-04-22 11:45:18] : [object Object]
{"name":"VALIDATION ERROR","statusCode":400,"isOperational":true}
==================== FINAL  ====================

==================== INICIO ====================
[[31merror[39m 2022-04-22 11:46:31] : [object Object]
{"name":"VALIDATION ERROR","statusCode":400,"isOperational":true}
==================== FINAL  ====================

==================== INICIO ====================
[[31merror[39m 2022-04-22 11:59:37] : [object Object]
{"name":"VALIDATION ERROR","statusCode":400,"isOperational":true}
==================== FINAL  ====================

==================== INICIO ====================
[[31merror[39m 2022-04-22 14:02:42] : [object Object]
{"name":"VALIDATION ERROR","statusCode":400,"isOperational":true}
==================== FINAL  ====================

==================== INICIO ====================
[[31merror[39m 2022-04-22 14:03:01] : [object Object]
{"name":"VALIDATION ERROR","statusCode":400,"isOperational":true}
==================== FINAL  ====================

==================== INICIO ====================
[[31merror[39m 2022-04-22 14:35:20] : [object Object]
{"name":"VALIDATION ERROR","statusCode":400,"isOperational":true}
==================== FINAL  ====================

==================== INICIO ====================
[[31merror[39m 2022-04-22 14:35:38] : [object Object]
{"name":"VALIDATION ERROR","statusCode":400,"isOperational":true}
==================== FINAL  ====================

==================== INICIO ====================
[[31merror[39m 2022-04-22 14:46:26] : [object Object]
{"name":"VALIDATION ERROR","statusCode":400,"isOperational":true}
==================== FINAL  ====================

==================== INICIO ====================
[[31merror[39m 2022-04-22 14:46:28] : [object Object]
{"name":"VALIDATION ERROR","statusCode":400,"isOperational":true}
==================== FINAL  ====================

==================== INICIO ====================
[[31merror[39m 2022-04-22 14:46:57] : [object Object]
{"name":"VALIDATION ERROR","statusCode":400,"isOperational":true}
==================== FINAL  ====================

==================== INICIO ====================
[[31merror[39m 2022-04-22 14:47:09] : [object Object]
{"name":"VALIDATION ERROR","statusCode":400,"isOperational":true}
==================== FINAL  ====================

==================== INICIO ====================
[[31merror[39m 2022-04-22 15:01:02] : Los datos ingresados tienen el formato incorrecto
{"name":"VALIDATION ERROR","statusCode":400,"isOperational":true,"errorStack":{"email":["El campo email no es un correo válido."],"password":["El campo password debe contener al menos 8 caracteres.","El campo password solo debe contener letras."]}}
==================== FINAL  ====================

==================== INICIO ====================
[[31merror[39m 2022-04-22 15:01:25] : Los datos ingresados tienen el formato incorrecto
{"name":"VALIDATION ERROR","statusCode":400,"isOperational":true,"errorStack":{"email":["El campo email no es un correo válido."],"password":["El campo password debe contener al menos 8 caracteres.","El campo password solo debe contener letras."]}}
==================== FINAL  ====================

==================== INICIO ====================
[[31merror[39m 2022-04-22 15:02:32] : Los datos ingresados tienen el formato incorrecto
{"name":"VALIDATION ERROR","statusCode":400,"isOperational":true,"errorStack":{"email":["El campo email no es un correo válido."],"password":["El campo password debe contener al menos 8 caracteres.","El campo password solo debe contener letras."]}}
==================== FINAL  ====================

==================== INICIO ====================
[[31merror[39m 2022-04-22 16:07:20] : Email y/o clave incorrecta
{"name":"BAD REQUEST","statusCode":400,"isOperational":true,"errorStack":false,"logError":true}
==================== FINAL  ====================

==================== INICIO ====================
[[31merror[39m 2022-04-22 16:20:49] : Los datos ingresados tienen el formato incorrecto
{"name":"VALIDATION ERROR","statusCode":400,"isOperational":true,"errorStack":{"email":["El campo email no es un correo válido."]}}
==================== FINAL  ====================

==================== INICIO ====================
[[31merror[39m 2022-04-22 16:20:57] : Los datos ingresados tienen el formato incorrecto
{"name":"VALIDATION ERROR","statusCode":400,"isOperational":true,"errorStack":{"email":["El campo email no es un correo válido."],"password":["El campo password debe contener al menos 6 caracteres."]}}
==================== FINAL  ====================

==================== INICIO ====================
[[31merror[39m 2022-04-22 17:53:04] : Los datos ingresados tienen el formato incorrecto
{"name":"VALIDATION ERROR","statusCode":400,"isOperational":true,"errorStack":{"email":["El campo email no es un correo válido."],"password":["El campo password debe contener al menos 6 caracteres."]}}
==================== FINAL  ====================

==================== INICIO ====================
[[31merror[39m 2022-04-22 17:53:05] : Los datos ingresados tienen el formato incorrecto
{"name":"VALIDATION ERROR","statusCode":400,"isOperational":true,"errorStack":{"email":["El campo email no es un correo válido."],"password":["El campo password debe contener al menos 6 caracteres."]}}
==================== FINAL  ====================

